<?xml version="1.0" encoding="UTF-8"?>
<!-- Generated by org.testng.reporters.JUnitReportReporter -->
<testsuite ignored="0" hostname="IN3051139W1" failures="0" tests="1" name="com.test.Tests.AnotherExcelComparatorTest" time="12.575" errors="0" timestamp="11 Sep 2021 20:00:52 GMT" skipped="0">
  <testcase classname="com.test.Tests.AnotherExcelComparatorTest" name="main" time="12.575"/>
</testsuite> <!-- com.test.Tests.AnotherExcelComparatorTest -->
