<?xml version="1.0" encoding="UTF-8"?>
<!-- Generated by org.testng.reporters.JUnitReportReporter -->
<testsuite ignored="0" hostname="IN3051139W1" failures="0" tests="12" name="com.test.Tests.CreateNewCustomerTest" time="297.204" errors="0" timestamp="25 Jun 2021 17:11:14 GMT" skipped="0">
  <testcase classname="com.test.Tests.CreateNewCustomerTest" name="TC01_LogIntoTheApplication" time="11.052"/>
  <testcase classname="com.test.Tests.CreateNewCustomerTest" name="TC02_AddNewCustomer" time="39.740"/>
  <testcase classname="com.test.Tests.CreateNewCustomerTest" name="TC01_LogIntoTheApplication" time="9.088"/>
  <testcase classname="com.test.Tests.CreateNewCustomerTest" name="TC02_AddNewCustomer" time="38.904"/>
  <testcase classname="com.test.Tests.CreateNewCustomerTest" name="TC02_AddNewCustomer" time="39.753"/>
  <testcase classname="com.test.Tests.CreateNewCustomerTest" name="TC01_LogIntoTheApplication" time="10.622"/>
  <testcase classname="com.test.Tests.CreateNewCustomerTest" name="TC02_AddNewCustomer" time="39.662"/>
  <testcase classname="com.test.Tests.CreateNewCustomerTest" name="TC02_AddNewCustomer" time="39.745"/>
  <testcase classname="com.test.Tests.CreateNewCustomerTest" name="TC01_LogIntoTheApplication" time="9.700"/>
  <testcase classname="com.test.Tests.CreateNewCustomerTest" name="TC01_LogIntoTheApplication" time="9.308"/>
  <testcase classname="com.test.Tests.CreateNewCustomerTest" name="TC01_LogIntoTheApplication" time="8.608"/>
  <testcase classname="com.test.Tests.CreateNewCustomerTest" name="TC02_AddNewCustomer" time="41.022"/>
</testsuite> <!-- com.test.Tests.CreateNewCustomerTest -->
