<?xml version="1.0" encoding="UTF-8"?>
<!-- Generated by org.testng.reporters.JUnitReportReporter -->
<testsuite ignored="0" hostname="IN3051139W1" failures="0" tests="1" name="com.test.Tests1.Test3" time="0.047" errors="0" timestamp="31 Jul 2021 13:45:07 GMT" skipped="1">
  <testcase classname="com.test.Tests1.Test3" name="test3" time="0.047">
    <skipped/>
  </testcase> <!-- test3 -->
</testsuite> <!-- com.test.Tests1.Test3 -->
