<?xml version="1.0" encoding="UTF-8"?>
<!-- Generated by org.testng.reporters.JUnitReportReporter -->
<testsuite ignored="0" hostname="IN3051139W1" failures="0" tests="1" name="com.test.Tests1.Test4" time="0.042" errors="0" timestamp="31 Jul 2021 13:45:07 GMT" skipped="1">
  <testcase classname="com.test.Tests1.Test4" name="test4" time="0.042">
    <skipped/>
  </testcase> <!-- test4 -->
</testsuite> <!-- com.test.Tests1.Test4 -->
