<?xml version="1.0" encoding="UTF-8"?>
<!-- Generated by org.testng.reporters.JUnitReportReporter -->
<testsuite ignored="0" hostname="IN3051139W1" failures="0" tests="1" name="com.test.Tests.loginPageTest" time="1.062" errors="0" timestamp="10 Jun 2021 13:51:38 GMT" skipped="0">
  <testcase classname="com.test.Tests.loginPageTest" name="TC01" time="1.062"/>
</testsuite> <!-- com.test.Tests.loginPageTest -->
